
Showing logs for build [32mcb-kubecd-bdd-gh-1568492026-pr-1[0m stage [32mmeta-pipeline[0m and container [32mstep-credential-initializer-nq4c4[0m
{"level":"warn","ts":1568492375.1117847,"logger":"fallback-logger","caller":"logging/config.go:69","msg":"Fetch GitHub commit ID from kodata failed: \"ref: refs/heads/master\" is not a valid GitHub commit ID"}
{"level":"info","ts":1568492375.1130838,"logger":"fallback-logger","caller":"creds-init/main.go:40","msg":"Credentials initialized."}

Showing logs for build [32mcb-kubecd-bdd-gh-1568492026-pr-1[0m stage [32mmeta-pipeline[0m and container [32mstep-working-dir-initializer-tmgzl[0m
{"level":"warn","ts":1568492375.5803525,"logger":"fallback-logger","caller":"logging/config.go:69","msg":"Fetch GitHub commit ID from kodata failed: open /var/run/ko/HEAD: no such file or directory"}
{"level":"info","ts":1568492375.5816584,"logger":"fallback-logger","caller":"bash/main.go:65","msg":"Successfully executed command \"mkdir -p /workspace/source\""}

Showing logs for build [32mcb-kubecd-bdd-gh-1568492026-pr-1[0m stage [32mmeta-pipeline[0m and container [32mstep-place-tools[0m

Showing logs for build [32mcb-kubecd-bdd-gh-1568492026-pr-1[0m stage [32mmeta-pipeline[0m and container [32mstep-git-source-meta-cb-kubecd-bdd-gh-156849202-5vdz8[0m
{"level":"warn","ts":1568492397.728773,"logger":"fallback-logger","caller":"logging/config.go:69","msg":"Fetch GitHub commit ID from kodata failed: \"ref: refs/heads/master\" is not a valid GitHub commit ID"}
{"level":"info","ts":1568492398.8555787,"logger":"fallback-logger","caller":"git/git.go:102","msg":"Successfully cloned https://github.com/cb-kubecd/bdd-gh-1568492026.git @ 5bd1a99aa69845bab8b1af71e2d5c45ba71f793d in path /workspace/source"}

Showing logs for build [32mcb-kubecd-bdd-gh-1568492026-pr-1[0m stage [32mmeta-pipeline[0m and container [32mstep-git-merge[0m
Using SHAs from PULL_REFS=master:5bd1a99aa69845bab8b1af71e2d5c45ba71f793d,1:725e58a7bf87294b33eb8044c16e01a03413928d
DEBUG: ran git fetch --unshallow origin 725e58a7bf87294b33eb8044c16e01a03413928d: 5bd1a99aa69845bab8b1af71e2d5c45ba71f793d: in 
DEBUG: ran git checkout master in 
DEBUG: ran git reset --hard 5bd1a99aa69845bab8b1af71e2d5c45ba71f793d in 
DEBUG: ran clean --force -d . in 
DEBUG: ran git merge 725e58a7bf87294b33eb8044c16e01a03413928d in 
Merged SHA 725e58a7bf87294b33eb8044c16e01a03413928d with commit message 'My first PR commit' into base branch master

Showing logs for build [32mcb-kubecd-bdd-gh-1568492026-pr-1[0m stage [32mmeta-pipeline[0m and container [32mstep-merge-pull-refs[0m
DEBUG: ran git fetch origin 725e58a7bf87294b33eb8044c16e01a03413928d: 5bd1a99aa69845bab8b1af71e2d5c45ba71f793d: in 
DEBUG: Unshallowed git repo in 
DEBUG: ran git checkout master in 
DEBUG: ran git reset --hard 5bd1a99aa69845bab8b1af71e2d5c45ba71f793d in 
DEBUG: ran clean --force -d . in 
DEBUG: ran git merge 725e58a7bf87294b33eb8044c16e01a03413928d in 
Merged SHA 725e58a7bf87294b33eb8044c16e01a03413928d with commit message 'My first PR commit' into base branch master

Showing logs for build [32mcb-kubecd-bdd-gh-1568492026-pr-1[0m stage [32mmeta-pipeline[0m and container [32mstep-create-effective-pipeline[0m
Deleting and cloning the Jenkins X versions repo
Cloning the Jenkins X versions repo https://github.com/jenkins-x/jenkins-x-versions.git with ref refs/heads/master to /builder/home/.**/jenkins-x-versions
Effective pipeline written to jenkins-x-serverless-jenkins-effective.yml

Showing logs for build [32mcb-kubecd-bdd-gh-1568492026-pr-1[0m stage [32mmeta-pipeline[0m and container [32mstep-create-tekton-crds[0m
PipelineActivity for cb-kubecd-bdd-gh-1568492026-PR-1-1
Applying changes 
upserted PipelineResource cb-kubecd-bdd-gh-1568492026-pr for the git repository https://github.com/cb-kubecd/bdd-gh-1568492026.git
upserted Task cb-kubecd-bdd-gh-1568492026-pr-from-build-pack-1
upserted Pipeline cb-kubecd-bdd-gh-1568492026-pr-1
created PipelineRun cb-kubecd-bdd-gh-1568492026-pr-1
created PipelineStructure cb-kubecd-bdd-gh-1568492026-pr-1

Showing logs for build [32mcb-kubecd-bdd-gh-1568492026-pr-1[0m stage [32mfrom-build-pack[0m and container [32mstep-credential-initializer-p25s2[0m
{"level":"warn","ts":1568492410.1031978,"logger":"fallback-logger","caller":"logging/config.go:69","msg":"Fetch GitHub commit ID from kodata failed: \"ref: refs/heads/master\" is not a valid GitHub commit ID"}
{"level":"info","ts":1568492410.1039515,"logger":"fallback-logger","caller":"creds-init/main.go:40","msg":"Credentials initialized."}

Showing logs for build [32mcb-kubecd-bdd-gh-1568492026-pr-1[0m stage [32mfrom-build-pack[0m and container [32mstep-working-dir-initializer-nwh9d[0m
{"level":"warn","ts":1568492411.5153408,"logger":"fallback-logger","caller":"logging/config.go:69","msg":"Fetch GitHub commit ID from kodata failed: open /var/run/ko/HEAD: no such file or directory"}
{"level":"info","ts":1568492411.5192702,"logger":"fallback-logger","caller":"bash/main.go:65","msg":"Successfully executed command \"mkdir -p /workspace/source /workspace/source/charts/preview\""}

Showing logs for build [32mcb-kubecd-bdd-gh-1568492026-pr-1[0m stage [32mfrom-build-pack[0m and container [32mstep-place-tools[0m

Showing logs for build [32mcb-kubecd-bdd-gh-1568492026-pr-1[0m stage [32mfrom-build-pack[0m and container [32mstep-git-source-cb-kubecd-bdd-gh-1568492026-pr-mg9bw[0m
{"level":"warn","ts":1568492417.5265937,"logger":"fallback-logger","caller":"logging/config.go:69","msg":"Fetch GitHub commit ID from kodata failed: \"ref: refs/heads/master\" is not a valid GitHub commit ID"}
{"level":"info","ts":1568492418.5806215,"logger":"fallback-logger","caller":"git/git.go:102","msg":"Successfully cloned https://github.com/cb-kubecd/bdd-gh-1568492026.git @ master in path /workspace/source"}

Showing logs for build [32mcb-kubecd-bdd-gh-1568492026-pr-1[0m stage [32mfrom-build-pack[0m and container [32mstep-git-merge[0m
Using SHAs from PULL_REFS=master:5bd1a99aa69845bab8b1af71e2d5c45ba71f793d,1:725e58a7bf87294b33eb8044c16e01a03413928d
DEBUG: ran git fetch --unshallow origin 725e58a7bf87294b33eb8044c16e01a03413928d: 5bd1a99aa69845bab8b1af71e2d5c45ba71f793d: in 
DEBUG: ran git checkout master in 
DEBUG: ran git reset --hard 5bd1a99aa69845bab8b1af71e2d5c45ba71f793d in 
DEBUG: ran clean --force -d . in 
DEBUG: ran git merge 725e58a7bf87294b33eb8044c16e01a03413928d in 
Merged SHA 725e58a7bf87294b33eb8044c16e01a03413928d with commit message 'My first PR commit' into base branch master

Showing logs for build [32mcb-kubecd-bdd-gh-1568492026-pr-1[0m stage [32mfrom-build-pack[0m and container [32mstep-build-make-linux[0m
CGO_ENABLED=0 GOOS=linux GOARCH=amd64 GO15VENDOREXPERIMENT=1 go build -ldflags '' -o bin/bdd-gh-1568492026 main.go

Showing logs for build [32mcb-kubecd-bdd-gh-1568492026-pr-1[0m stage [32mfrom-build-pack[0m and container [32mstep-build-container-build[0m
[36mINFO[0m[0000] No base image, nothing to extract            
[36mINFO[0m[0000] cmd: EXPOSE                                  
[36mINFO[0m[0000] Adding exposed port: 8080/tcp                
[36mINFO[0m[0000] Using files from context: [/workspace/source/bin] 
[36mINFO[0m[0000] Skipping unpacking as no commands require it. 
[36mINFO[0m[0000] Taking snapshot of full filesystem...        
[36mINFO[0m[0000] EXPOSE 8080                                  
[36mINFO[0m[0000] cmd: EXPOSE                                  
[36mINFO[0m[0000] Adding exposed port: 8080/tcp                
[36mINFO[0m[0000] No files changed in this command, skipping snapshotting. 
[36mINFO[0m[0000] ENTRYPOINT ["/bdd-gh-1568492026"]            
[36mINFO[0m[0000] No files changed in this command, skipping snapshotting. 
[36mINFO[0m[0000] Using files from context: [/workspace/source/bin] 
[36mINFO[0m[0000] COPY ./bin/ /                                
[36mINFO[0m[0000] Taking snapshot of files...                  
2019/09/14 20:20:30 pushed blob: sha256:cfcdf553a42df1f8b497f6fa2a10f5fe5ecd7066e42cec50ea850fc8a13ec302
2019/09/14 20:20:32 pushed blob: sha256:bf0b1210db0f53c14283599f2bdbf03d446aba3a7ef3f051dfccca130d9ba72d
2019/09/14 20:20:33 gcr.io/jenkins-x-bdd3/bdd-gh-1568492026:0.0.0-SNAPSHOT-PR-1-1: digest: sha256:a87b6a267bc844c60537f16e749b82322c5bd65df18d2c373e0b785b937ae9e3 size: 428

Showing logs for build [32mcb-kubecd-bdd-gh-1568492026-pr-1[0m stage [32mfrom-build-pack[0m and container [32mstep-postbuild-post-build[0m
no CVE provider running in the current ** namespace so skip adding image to be analysed

Showing logs for build [32mcb-kubecd-bdd-gh-1568492026-pr-1[0m stage [32mfrom-build-pack[0m and container [32mstep-promote-make-preview[0m
sed -i -e "s/version:.*/version: 0.0.0-SNAPSHOT-PR-1-1/" Chart.yaml
sed -i -e "s/version:.*/version: 0.0.0-SNAPSHOT-PR-1-1/" ../*/Chart.yaml
sed -i -e "s|repository:.*|repository: gcr.io\/jenkins-x-bdd3\/bdd-gh-1568492026|" values.yaml
sed -i -e "s/tag:.*/tag: 0.0.0-SNAPSHOT-PR-1-1/" values.yaml
echo "  version: 0.0.0-SNAPSHOT-PR-1-1" >> requirements.yaml
** step helm build
WARNING: No $CHART_REPOSITORY defined so using the default value of: http://jenkins-x-chartmuseum:8080
Adding missing Helm repo: storage.googleapis.com https://storage.googleapis.com/chartmuseum.jenkins-x.io
Successfully added Helm repository storage.googleapis.com.
Adding missing Helm repo: jenkins-x-chartmuseum http://jenkins-x-chartmuseum:8080
Successfully added Helm repository jenkins-x-chartmuseum.
WARNING: No $CHART_REPOSITORY defined so using the default value of: http://jenkins-x-chartmuseum:8080
Adding missing Helm repo: chartmuseum.jenkins-x.io http://chartmuseum.jenkins-x.io
Successfully added Helm repository chartmuseum.jenkins-x.io.

Showing logs for build [32mcb-kubecd-bdd-gh-1568492026-pr-1[0m stage [32mfrom-build-pack[0m and container [32mstep-promote-jx-preview[0m
Creating a preview
WARNING: No author for commit: 725e58a7bf87294b33eb8044c16e01a03413928d
Created environment cb-kubecd-bdd-gh-1568492026-pr-1
Namespace **-cb-kubecd-bdd-gh-1568492026-pr-1 created 
expose:
  Annotations:
    helm.sh/hook: post-install,post-upgrade
    helm.sh/hook-delete-policy: hook-succeeded
  config:
    domain: 104.199.91.197.nip.io
    exposer: Ingress
    http: "true"
preview:
  image:
    repository: gcr.io/jenkins-x-bdd3/bdd-gh-1568492026
    tag: 0.0.0-SNAPSHOT-PR-1-1
Deleting and cloning the Jenkins X versions repo
Cloning the Jenkins X versions repo https://github.com/jenkins-x/jenkins-x-versions.git with ref refs/heads/master to /builder/home/.**/jenkins-x-versions


Updating PipelineActivities cb-kubecd-bdd-gh-1568492026-pr-1-1 which has status Running
Preview application is now available at: http://bdd-gh-1568492026.**-cb-kubecd-bdd-gh-1568492026-pr-1.104.199.91.197.nip.io
